<?xml version="1.0" encoding="UTF-8"?>
<testng-results ignored="0" total="1" passed="1" failed="0" skipped="0">
  <reporter-output>
  </reporter-output>
  <suite started-at="2022-04-27T10:26:45 IST" name="Default suite" finished-at="2022-04-27T10:27:21 IST" duration-ms="35728">
    <groups>
    </groups>
    <test started-at="2022-04-27T10:26:45 IST" name="Default test" finished-at="2022-04-27T10:27:21 IST" duration-ms="35728">
      <class name="com.SeleniumWebDriverWithJava8.SwitchingBetweenTabs">
        <test-method is-config="true" signature="setup()[pri:0, instance:com.SeleniumWebDriverWithJava8.SwitchingBetweenTabs@7c24b813]" started-at="2022-04-27T10:26:45 IST" name="setup" finished-at="2022-04-27T10:26:49 IST" duration-ms="3349" status="PASS">
          <reporter-output>
          </reporter-output>
        </test-method> <!-- setup -->
        <test-method signature="handlingWindows()[pri:0, instance:com.SeleniumWebDriverWithJava8.SwitchingBetweenTabs@7c24b813]" started-at="2022-04-27T10:26:49 IST" name="handlingWindows" finished-at="2022-04-27T10:27:19 IST" duration-ms="30650" status="PASS">
          <reporter-output>
          </reporter-output>
        </test-method> <!-- handlingWindows -->
        <test-method is-config="true" signature="cleanup()[pri:0, instance:com.SeleniumWebDriverWithJava8.SwitchingBetweenTabs@7c24b813]" started-at="2022-04-27T10:27:19 IST" name="cleanup" finished-at="2022-04-27T10:27:21 IST" duration-ms="1670" status="PASS">
          <reporter-output>
          </reporter-output>
        </test-method> <!-- cleanup -->
      </class> <!-- com.SeleniumWebDriverWithJava8.SwitchingBetweenTabs -->
    </test> <!-- Default test -->
  </suite> <!-- Default suite -->
</testng-results>
